<?xml version="1.0" encoding="UTF-8"?>
<!-- Generated by org.testng.reporters.JUnitXMLReporter -->
<testsuite ignored="0" hostname="NagarajNaik961" failures="0" tests="4" name="Test" time="44.368" errors="0" timestamp="2024-12-21T02:54:56 IST">
  <testcase classname="staragileAssignment.AS02Loginpageclient" name="ValidloginTest" time="2.813"/>
  <testcase classname="staragileAssignment.AS02Loginpageclient" name="testInvalidLogin" time="10.11"/>
  <testcase classname="staragileAssignment.AS02Loginpageclient" name="testInvalidLogin" time="10.02"/>
  <testcase classname="staragileAssignment.AS02Loginpageclient" name="testInvalidLogin" time="10.044"/>
</testsuite> <!-- Test -->
