<?xml version="1.0" encoding="UTF-8"?>
<!-- Generated by org.testng.reporters.JUnitXMLReporter -->
<testsuite ignored="0" hostname="NagarajNaik961" failures="0" tests="4" name="User Login" time="57.153" errors="0" timestamp="2024-12-21T16:44:23 IST">
  <testcase classname="staragileAssignment.AS02Loginpageclient" name="validLoginTest" time="2.881"/>
  <testcase classname="staragileAssignment.AS02Loginpageclient" name="invalidLoginTest" time="3.429"/>
  <testcase classname="staragileAssignment.AS02Loginpageclient" name="invalidLoginTest" time="3.649"/>
  <testcase classname="staragileAssignment.AS02Loginpageclient" name="invalidLoginTest" time="5.218"/>
</testsuite> <!-- User Login -->
