# JRE version: Java(TM) SE Runtime Environment (23.0.1+11) (build 23.0.1+11-39)
# Java VM: Java HotSpot(TM) 64-Bit Server VM (23.0.1+11-39, mixed mode, sharing, tiered, compressed oops, compressed class ptrs, g1 gc, windows-amd64)
GC Precious Log:
 CardTable entry size: 512
 Card Set container configuration: InlinePtr #cards 5 size 8 Array Of Cards #cards 10 size 36 Howl #buckets 4 coarsen threshold 1843 Howl Bitmap #cards 512 size 80 coarsen threshold 460 Card regions per heap region 1 cards per card region 2048
 CPUs: 2 total, 2 available
 Memory: 6063M
 Large Page Support: Disabled
 NUMA Support: Disabled
 Compressed Oops: Enabled (32-bit)
 Heap Region Size: 1M
 Heap Min Capacity: 8M
 Heap Initial Capacity: 96M
 Heap Max Capacity: 1516M
 Pre-touch: Disabled
 Parallel Workers: 2
 Concurrent Workers: 1
 Concurrent Refinement Workers: 2
 Periodic GC: Disabled
Heap:
 garbage-first heap   total reserved 1552384K, committed 98304K, used 26780K [0x00000000a1400000, 0x0000000100000000)
  region size 1024K, 18 young (18432K), 2 survivors (2048K)
 Metaspace       used 16400K, committed 16768K, reserved 1114112K
  class space    used 2019K, committed 2176K, reserved 1048576K
GC Heap History (6 events):
Event: 2.742 GC heap before
{Heap before GC invocations=0 (full 0):
 garbage-first heap   total reserved 1552384K, committed 98304K, used 12288K [0x00000000a1400000, 0x0000000100000000)
  region size 1024K, 7 young (7168K), 0 survivors (0K)
 Metaspace       used 2145K, committed 2368K, reserved 1114112K
  class space    used 227K, committed 320K, reserved 1048576K
}
Event: 2.753 GC heap after
{Heap after GC invocations=1 (full 0):
 garbage-first heap   total reserved 1552384K, committed 98304K, used 9840K [0x00000000a1400000, 0x0000000100000000)
  region size 1024K, 1 young (1024K), 1 survivors (1024K)
 Metaspace       used 2145K, committed 2368K, reserved 1114112K
  class space    used 227K, committed 320K, reserved 1048576K
}
Event: 3.386 GC heap before
{Heap before GC invocations=1 (full 0):
 garbage-first heap   total reserved 1552384K, committed 98304K, used 13936K [0x00000000a1400000, 0x0000000100000000)
  region size 1024K, 6 young (6144K), 1 survivors (1024K)
 Metaspace       used 5706K, committed 5952K, reserved 1114112K
  class space    used 652K, committed 768K, reserved 1048576K
}
Event: 3.389 GC heap after
{Heap after GC invocations=2 (full 0):
 garbage-first heap   total reserved 1552384K, committed 98304K, used 10920K [0x00000000a1400000, 0x0000000100000000)
  region size 1024K, 1 young (1024K), 1 survivors (1024K)
 Metaspace       used 5706K, committed 5952K, reserved 1114112K
  class space    used 652K, committed 768K, reserved 1048576K
}
Event: 5.577 GC heap before
{Heap before GC invocations=2 (full 0):
 garbage-first heap   total reserved 1552384K, committed 98304K, used 23208K [0x00000000a1400000, 0x0000000100000000)
  region size 1024K, 13 young (13312K), 1 survivors (1024K)
 Metaspace       used 10166K, committed 10432K, reserved 1114112K
  class space    used 1239K, committed 1344K, reserved 1048576K
}
Event: 5.583 GC heap after
{Heap after GC invocations=3 (full 0):
 garbage-first heap   total reserved 1552384K, committed 98304K, used 12444K [0x00000000a1400000, 0x0000000100000000)
  region size 1024K, 2 young (2048K), 2 survivors (2048K)
 Metaspace       used 10166K, committed 10432K, reserved 1114112K
  class space    used 1239K, committed 1344K, reserved 1048576K
}

